<?xml version="1.0" encoding="UTF-8"?>
<Site BuildName="Linux-x86_64-linux-gnu-g++-7"
	BuildStamp="20220122-1206-Experimental"
	Name="ww"
	Generator="ctest-3.22.1"
	CompilerName="/usr/bin/x86_64-linux-gnu-g++-7"
	CompilerVersion="7.5.0"
	OSName="Linux"
	Hostname="ww"
	OSRelease="5.4.0-96-generic"
	OSVersion="#109~18.04.1-Ubuntu SMP Thu Jan 13 15:06:26 UTC 2022"
	OSPlatform="x86_64"
	Is64Bits="1"
	VendorString="AuthenticAMD"
	VendorID="Advanced Micro Devices"
	FamilyID="23"
	ModelID="96"
	ProcessorCacheSize="512"
	NumberOfLogicalCPU="16"
	NumberOfPhysicalCPU="8"
	TotalVirtualMemory="1897"
	TotalPhysicalMemory="15428"
	LogicalProcessorsPerPhysical="2"
	ProcessorClockFrequency="1261.38"
	>
	<Testing>
		<StartDateTime>Jan 22 20:06 CST</StartDateTime>
		<StartTestTime>1642853168</StartTestTime>
		<TestList/>
		<EndDateTime>Jan 22 20:06 CST</EndDateTime>
		<EndTestTime>1642853168</EndTestTime>
		<ElapsedMinutes>0</ElapsedMinutes>
	</Testing>
</Site>
